[INFO] starting with 15 existing goal-qualified leads in /mnt/d/VS/lead finder automation/leads 1/leads_full.csv
[INFO] batch 1: using 28 rotated queries
[INFO] batch 1/3: running pipeline
[OK] wrote 60 candidates to /mnt/d/VS/lead finder automation/leads 1/runs/run_001_candidates.csv
[INFO] batch 1: suppressed 4 pre-validate candidates, kept 56 of 60
[INFO] batch 1: intake scoring avg -5.59, top band {'0_19': 5, 'lt_0': 51}
[INFO] reject counts: enterprise_or_famous=2, page_fetch_failed_other=1
[OK] wrote 2 validated prospects to /mnt/d/VS/lead finder automation/leads 1/runs/run_001_validate_slice_001_validated.csv
[INFO] reject counts: bad_author_name=1, time_budget_exceeded=1
[OK] wrote 3 validated prospects to /mnt/d/VS/lead finder automation/leads 1/runs/run_001_validate_slice_002_validated.csv
[INFO] reject counts: time_budget_exceeded=1
[OK] wrote 3 validated prospects to /mnt/d/VS/lead finder automation/leads 1/runs/run_001_validate_slice_003_validated.csv
[INFO] reject counts: page_fetch_failed_robots_disallow=1, bad_author_name=1
[OK] wrote 1 validated prospects to /mnt/d/VS/lead finder automation/leads 1/runs/run_001_validate_slice_004_validated.csv
[INFO] reject counts: enterprise_or_famous=1
[OK] wrote 1 validated prospects to /mnt/d/VS/lead finder automation/leads 1/runs/run_001_validate_slice_005_validated.csv
[OK] wrote 1 validated prospects to /mnt/d/VS/lead finder automation/leads 1/runs/run_001_validate_slice_006_validated.csv
[OK] wrote 11 rows to /mnt/d/VS/lead finder automation/leads 1/runs/run_001_final.csv
[INFO] final count below requested minimum (11/20). Run harvest with broader queries and re-validate.
[INFO] wrote 16 rows -> /mnt/d/VS/lead finder automation/leads 1/author_email_source.csv
[INFO] wrote 5 rows -> /mnt/d/VS/lead finder automation/leads 1/scouted_leads.csv
[INFO] wrote 0 rows -> /mnt/d/VS/lead finder automation/leads 1/fully_verified_leads.csv
[INFO] wrote 16 rows -> /mnt/d/VS/lead finder automation/leads 1/contact_queue.csv
[INFO] wrote 0 rows -> /mnt/d/VS/lead finder automation/leads 1/near_miss_location.csv
[INFO] batch 1: got 11 rows, merged 5 to master, queued 6, added 0 new, total 15/20
[INFO] batch 2: using 34 rotated queries
[INFO] batch 2/3: running pipeline
[OK] wrote 60 candidates to /mnt/d/VS/lead finder automation/leads 1/runs/run_002_candidates.csv
[INFO] batch 2: suppressed 4 pre-validate candidates, kept 56 of 60
[INFO] batch 2: intake scoring avg -5.59, top band {'0_19': 5, 'lt_0': 51}
[INFO] reject counts: enterprise_or_famous=2, page_fetch_failed_other=1
[OK] wrote 2 validated prospects to /mnt/d/VS/lead finder automation/leads 1/runs/run_002_validate_slice_001_validated.csv
[INFO] reject counts: bad_author_name=1, time_budget_exceeded=1
[OK] wrote 3 validated prospects to /mnt/d/VS/lead finder automation/leads 1/runs/run_002_validate_slice_002_validated.csv
[OK] wrote 4 validated prospects to /mnt/d/VS/lead finder automation/leads 1/runs/run_002_validate_slice_003_validated.csv
[INFO] reject counts: page_fetch_failed_robots_disallow=1, bad_author_name=1
[OK] wrote 1 validated prospects to /mnt/d/VS/lead finder automation/leads 1/runs/run_002_validate_slice_004_validated.csv
[INFO] reject counts: enterprise_or_famous=1
[OK] wrote 1 validated prospects to /mnt/d/VS/lead finder automation/leads 1/runs/run_002_validate_slice_005_validated.csv
[OK] wrote 1 validated prospects to /mnt/d/VS/lead finder automation/leads 1/runs/run_002_validate_slice_006_validated.csv
[OK] wrote 12 rows to /mnt/d/VS/lead finder automation/leads 1/runs/run_002_final.csv
[INFO] final count below requested minimum (12/20). Run harvest with broader queries and re-validate.
[INFO] wrote 16 rows -> /mnt/d/VS/lead finder automation/leads 1/author_email_source.csv
[INFO] wrote 5 rows -> /mnt/d/VS/lead finder automation/leads 1/scouted_leads.csv
[INFO] wrote 0 rows -> /mnt/d/VS/lead finder automation/leads 1/fully_verified_leads.csv
[INFO] wrote 17 rows -> /mnt/d/VS/lead finder automation/leads 1/contact_queue.csv
[INFO] wrote 0 rows -> /mnt/d/VS/lead finder automation/leads 1/near_miss_location.csv
[INFO] batch 2: got 12 rows, merged 5 to master, queued 7, added 0 new, total 15/20
[INFO] batch 3: using 40 rotated queries
[INFO] batch 3/3: running pipeline
[OK] wrote 60 candidates to /mnt/d/VS/lead finder automation/leads 1/runs/run_003_candidates.csv
[INFO] batch 3: suppressed 5 pre-validate candidates, kept 55 of 60
[INFO] batch 3: intake scoring avg -5.67, top band {'lt_0': 50, '0_19': 5}
[INFO] reject counts: enterprise_or_famous=2, page_fetch_failed_other=1
[OK] wrote 2 validated prospects to /mnt/d/VS/lead finder automation/leads 1/runs/run_003_validate_slice_001_validated.csv
[INFO] reject counts: bad_author_name=1, fetch_budget_exceeded=1
[OK] wrote 3 validated prospects to /mnt/d/VS/lead finder automation/leads 1/runs/run_003_validate_slice_002_validated.csv
[INFO] reject counts: page_fetch_failed_robots_disallow=1
[OK] wrote 4 validated prospects to /mnt/d/VS/lead finder automation/leads 1/runs/run_003_validate_slice_003_validated.csv
[INFO] reject counts: bad_author_name=1, enterprise_or_famous=1
[OK] wrote 1 validated prospects to /mnt/d/VS/lead finder automation/leads 1/runs/run_003_validate_slice_004_validated.csv
[INFO] reject counts: page_fetch_failed_403=1
[OK] wrote 1 validated prospects to /mnt/d/VS/lead finder automation/leads 1/runs/run_003_validate_slice_005_validated.csv
[OK] wrote 1 validated prospects to /mnt/d/VS/lead finder automation/leads 1/runs/run_003_validate_slice_006_validated.csv
[OK] wrote 1 validated prospects to /mnt/d/VS/lead finder automation/leads 1/runs/run_003_validate_slice_007_validated.csv
[OK] wrote 1 validated prospects to /mnt/d/VS/lead finder automation/leads 1/runs/run_003_validate_slice_008_validated.csv
[OK] wrote 1 validated prospects to /mnt/d/VS/lead finder automation/leads 1/runs/run_003_validate_slice_009_validated.csv
[OK] wrote 1 validated prospects to /mnt/d/VS/lead finder automation/leads 1/runs/run_003_validate_slice_010_validated.csv
[OK] wrote 1 validated prospects to /mnt/d/VS/lead finder automation/leads 1/runs/run_003_validate_slice_011_validated.csv
[OK] wrote 17 rows to /mnt/d/VS/lead finder automation/leads 1/runs/run_003_final.csv
[INFO] final count below requested minimum (17/20). Run harvest with broader queries and re-validate.
[INFO] wrote 16 rows -> /mnt/d/VS/lead finder automation/leads 1/author_email_source.csv
[INFO] wrote 5 rows -> /mnt/d/VS/lead finder automation/leads 1/scouted_leads.csv
[INFO] wrote 0 rows -> /mnt/d/VS/lead finder automation/leads 1/fully_verified_leads.csv
[INFO] wrote 20 rows -> /mnt/d/VS/lead finder automation/leads 1/contact_queue.csv
[INFO] wrote 0 rows -> /mnt/d/VS/lead finder automation/leads 1/near_miss_location.csv
[INFO] batch 3: got 17 rows, merged 5 to master, queued 12, added 0 new, total 15/20
[INFO] stopping early after 3 stale runs (no new leads added).
[OK] wrote 16 rows -> /mnt/d/VS/lead finder automation/leads 1/author_email_source.csv
[OK] wrote 15 rows -> /mnt/d/VS/lead finder automation/leads 1/scouted_leads.csv
[OK] wrote 0 rows -> /mnt/d/VS/lead finder automation/leads 1/fully_verified_leads.csv
[OK] wrote 20 rows -> /mnt/d/VS/lead finder automation/leads 1/contact_queue.csv
[OK] wrote 0 rows -> /mnt/d/VS/lead finder automation/leads 1/near_miss_location.csv
[OK] done: 15 goal-qualified leads -> /mnt/d/VS/lead finder automation/leads 1/leads_full.csv
[INFO] target not reached (15/20). Increase --max-runs or broaden inputs.
